# JRE version: OpenJDK Runtime Environment (8.0_171-b11) (build 1.8.0_171-8u171-b11-1~deb9u1-b11)
# Java VM: OpenJDK 64-Bit Server VM (25.171-b11 mixed mode linux-amd64 compressed oops)
Heap:
 PSYoungGen      total 527360K, used 411537K [0x00000000d6600000, 0x00000000f6e00000, 0x0000000100000000)
  eden space 523776K, 78% used [0x00000000d6600000,0x00000000ef7d47f0,0x00000000f6580000)
  from space 3584K, 1% used [0x00000000f6980000,0x00000000f6990000,0x00000000f6d00000)
  to   space 4096K, 0% used [0x00000000f6580000,0x00000000f6580000,0x00000000f6980000)
 ParOldGen       total 86016K, used 2866K [0x0000000083200000, 0x0000000088600000, 0x00000000d6600000)
  object space 86016K, 3% used [0x0000000083200000,0x00000000834ccb78,0x0000000088600000)
 Metaspace       used 10054K, capacity 10262K, committed 10496K, reserved 1058816K
  class space    used 1112K, capacity 1204K, committed 1280K, reserved 1048576K
GC Heap History (10 events):
Event: 1.393 GC heap before
{Heap before GC invocations=4 (full 0):
 PSYoungGen      total 70656K, used 68365K [0x00000000d6600000, 0x00000000df000000, 0x0000000100000000)
  eden space 65536K, 100% used [0x00000000d6600000,0x00000000da600000,0x00000000da600000)
  from space 5120K, 55% used [0x00000000da600000,0x00000000da8c3640,0x00000000dab00000)
  to   space 5120K, 0% used [0x00000000deb00000,0x00000000deb00000,0x00000000df000000)
 ParOldGen       total 86016K, used 24K [0x0000000083200000, 0x0000000088600000, 0x00000000d6600000)
  object space 86016K, 0% used [0x0000000083200000,0x0000000083206000,0x0000000088600000)
 Metaspace       used 9988K, capacity 10258K, committed 10496K, reserved 1058816K
  class space    used 1110K, capacity 1204K, committed 1280K, reserved 1048576K
Event: 1.399 GC heap after
Heap after GC invocations=4 (full 0):
 PSYoungGen      total 136192K, used 2847K [0x00000000d6600000, 0x00000000df000000, 0x0000000100000000)
  eden space 131072K, 0% used [0x00000000d6600000,0x00000000d6600000,0x00000000de600000)
  from space 5120K, 55% used [0x00000000deb00000,0x00000000dedc7e40,0x00000000df000000)
  to   space 5120K, 0% used [0x00000000de600000,0x00000000de600000,0x00000000deb00000)
 ParOldGen       total 86016K, used 32K [0x0000000083200000, 0x0000000088600000, 0x00000000d6600000)
  object space 86016K, 0% used [0x0000000083200000,0x0000000083208000,0x0000000088600000)
 Metaspace       used 9988K, capacity 10258K, committed 10496K, reserved 1058816K
  class space    used 1110K, capacity 1204K, committed 1280K, reserved 1048576K
}
Event: 1.910 GC heap before
{Heap before GC invocations=5 (full 0):
 PSYoungGen      total 136192K, used 133919K [0x00000000d6600000, 0x00000000df000000, 0x0000000100000000)
  eden space 131072K, 100% used [0x00000000d6600000,0x00000000de600000,0x00000000de600000)
  from space 5120K, 55% used [0x00000000deb00000,0x00000000dedc7e40,0x00000000df000000)
  to   space 5120K, 0% used [0x00000000de600000,0x00000000de600000,0x00000000deb00000)
 ParOldGen       total 86016K, used 32K [0x0000000083200000, 0x0000000088600000, 0x00000000d6600000)
  object space 86016K, 0% used [0x0000000083200000,0x0000000083208000,0x0000000088600000)
 Metaspace       used 10049K, capacity 10262K, committed 10496K, reserved 1058816K
  class space    used 1112K, capacity 1204K, committed 1280K, reserved 1048576K
Event: 1.916 GC heap after
Heap after GC invocations=5 (full 0):
 PSYoungGen      total 136192K, used 2861K [0x00000000d6600000, 0x00000000e6c00000, 0x0000000100000000)
  eden space 131072K, 0% used [0x00000000d6600000,0x00000000d6600000,0x00000000de600000)
  from space 5120K, 55% used [0x00000000de600000,0x00000000de8cb620,0x00000000deb00000)
  to   space 3072K, 0% used [0x00000000e6900000,0x00000000e6900000,0x00000000e6c00000)
 ParOldGen       total 86016K, used 40K [0x0000000083200000, 0x0000000088600000, 0x00000000d6600000)
  object space 86016K, 0% used [0x0000000083200000,0x000000008320a000,0x0000000088600000)
 Metaspace       used 10049K, capacity 10262K, committed 10496K, reserved 1058816K
  class space    used 1112K, capacity 1204K, committed 1280K, reserved 1048576K
}
Event: 2.335 GC heap before
{Heap before GC invocations=6 (full 0):
 PSYoungGen      total 136192K, used 133933K [0x00000000d6600000, 0x00000000e6c00000, 0x0000000100000000)
  eden space 131072K, 100% used [0x00000000d6600000,0x00000000de600000,0x00000000de600000)
  from space 5120K, 55% used [0x00000000de600000,0x00000000de8cb620,0x00000000deb00000)
  to   space 3072K, 0% used [0x00000000e6900000,0x00000000e6900000,0x00000000e6c00000)
 ParOldGen       total 86016K, used 40K [0x0000000083200000, 0x0000000088600000, 0x00000000d6600000)
  object space 86016K, 0% used [0x0000000083200000,0x000000008320a000,0x0000000088600000)
 Metaspace       used 10050K, capacity 10262K, committed 10496K, reserved 1058816K
  class space    used 1112K, capacity 1204K, committed 1280K, reserved 1048576K
Event: 2.339 GC heap after
Heap after GC invocations=6 (full 0):
 PSYoungGen      total 265216K, used 2863K [0x00000000d6600000, 0x00000000e6c00000, 0x0000000100000000)
  eden space 262144K, 0% used [0x00000000d6600000,0x00000000d6600000,0x00000000e6600000)
  from space 3072K, 93% used [0x00000000e6900000,0x00000000e6bcbe50,0x00000000e6c00000)
  to   space 3072K, 0% used [0x00000000e6600000,0x00000000e6600000,0x00000000e6900000)
 ParOldGen       total 86016K, used 48K [0x0000000083200000, 0x0000000088600000, 0x00000000d6600000)
  object space 86016K, 0% used [0x0000000083200000,0x000000008320c000,0x0000000088600000)
 Metaspace       used 10050K, capacity 10262K, committed 10496K, reserved 1058816K
  class space    used 1112K, capacity 1204K, committed 1280K, reserved 1048576K
}
Event: 3.274 GC heap before
{Heap before GC invocations=7 (full 0):
 PSYoungGen      total 265216K, used 265007K [0x00000000d6600000, 0x00000000e6c00000, 0x0000000100000000)
  eden space 262144K, 100% used [0x00000000d6600000,0x00000000e6600000,0x00000000e6600000)
  from space 3072K, 93% used [0x00000000e6900000,0x00000000e6bcbe50,0x00000000e6c00000)
  to   space 3072K, 0% used [0x00000000e6600000,0x00000000e6600000,0x00000000e6900000)
 ParOldGen       total 86016K, used 48K [0x0000000083200000, 0x0000000088600000, 0x00000000d6600000)
  object space 86016K, 0% used [0x0000000083200000,0x000000008320c000,0x0000000088600000)
 Metaspace       used 10051K, capacity 10262K, committed 10496K, reserved 1058816K
  class space    used 1112K, capacity 1204K, committed 1280K, reserved 1048576K
Event: 3.280 GC heap after
Heap after GC invocations=7 (full 0):
 PSYoungGen      total 265216K, used 64K [0x00000000d6600000, 0x00000000f6d00000, 0x0000000100000000)
  eden space 262144K, 0% used [0x00000000d6600000,0x00000000d6600000,0x00000000e6600000)
  from space 3072K, 2% used [0x00000000e6600000,0x00000000e6610000,0x00000000e6900000)
  to   space 3584K, 0% used [0x00000000f6980000,0x00000000f6980000,0x00000000f6d00000)
 ParOldGen       total 86016K, used 2858K [0x0000000083200000, 0x0000000088600000, 0x00000000d6600000)
  object space 86016K, 3% used [0x0000000083200000,0x00000000834cab78,0x0000000088600000)
 Metaspace       used 10051K, capacity 10262K, committed 10496K, reserved 1058816K
  class space    used 1112K, capacity 1204K, committed 1280K, reserved 1048576K
}
Event: 4.066 GC heap before
{Heap before GC invocations=8 (full 0):
 PSYoungGen      total 265216K, used 262208K [0x00000000d6600000, 0x00000000f6d00000, 0x0000000100000000)
  eden space 262144K, 100% used [0x00000000d6600000,0x00000000e6600000,0x00000000e6600000)
  from space 3072K, 2% used [0x00000000e6600000,0x00000000e6610000,0x00000000e6900000)
  to   space 3584K, 0% used [0x00000000f6980000,0x00000000f6980000,0x00000000f6d00000)
 ParOldGen       total 86016K, used 2858K [0x0000000083200000, 0x0000000088600000, 0x00000000d6600000)
  object space 86016K, 3% used [0x0000000083200000,0x00000000834cab78,0x0000000088600000)
 Metaspace       used 10051K, capacity 10262K, committed 10496K, reserved 1058816K
  class space    used 1112K, capacity 1204K, committed 1280K, reserved 1048576K
Event: 4.068 GC heap after
Heap after GC invocations=8 (full 0):
 PSYoungGen      total 527360K, used 64K [0x00000000d6600000, 0x00000000f6e00000, 0x0000000100000000)
  eden space 523776K, 0% used [0x00000000d6600000,0x00000000d6600000,0x00000000f6580000)
  from space 3584K, 1% used [0x00000000f6980000,0x00000000f6990000,0x00000000f6d00000)
  to   space 4096K, 0% used [0x00000000f6580000,0x00000000f6580000,0x00000000f6980000)
 ParOldGen       total 86016K, used 2866K [0x0000000083200000, 0x0000000088600000, 0x00000000d6600000)
  object space 86016K, 3% used [0x0000000083200000,0x00000000834ccb78,0x0000000088600000)
 Metaspace       used 10051K, capacity 10262K, committed 10496K, reserved 1058816K
  class space    used 1112K, capacity 1204K, committed 1280K, reserved 1048576K
}

