# JRE version: OpenJDK Runtime Environment (8.0_171-b11) (build 1.8.0_171-8u171-b11-1~deb9u1-b11)
# Java VM: OpenJDK 64-Bit Server VM (25.171-b11 mixed mode linux-amd64 compressed oops)
Heap:
 PSYoungGen      total 422400K, used 299317K [0x00000000d6600000, 0x00000000f0600000, 0x0000000100000000)
  eden space 418816K, 71% used [0x00000000d6600000,0x00000000e8a456e8,0x00000000eff00000)
  from space 3584K, 0% used [0x00000000f0280000,0x00000000f0288000,0x00000000f0600000)
  to   space 3584K, 0% used [0x00000000eff00000,0x00000000eff00000,0x00000000f0280000)
 ParOldGen       total 86016K, used 2372K [0x0000000083200000, 0x0000000088600000, 0x00000000d6600000)
  object space 86016K, 2% used [0x0000000083200000,0x0000000083451018,0x0000000088600000)
 Metaspace       used 9992K, capacity 10214K, committed 10496K, reserved 1058816K
  class space    used 1110K, capacity 1204K, committed 1280K, reserved 1048576K
GC Heap History (10 events):
Event: 1.639 GC heap before
{Heap before GC invocations=6 (full 0):
 PSYoungGen      total 70656K, used 67860K [0x00000000d6600000, 0x00000000deb00000, 0x0000000100000000)
  eden space 65536K, 100% used [0x00000000d6600000,0x00000000da600000,0x00000000da600000)
  from space 5120K, 45% used [0x00000000da600000,0x00000000da8452f0,0x00000000dab00000)
  to   space 2560K, 0% used [0x00000000de880000,0x00000000de880000,0x00000000deb00000)
 ParOldGen       total 86016K, used 24K [0x0000000083200000, 0x0000000088600000, 0x00000000d6600000)
  object space 86016K, 0% used [0x0000000083200000,0x0000000083206000,0x0000000088600000)
 Metaspace       used 9984K, capacity 10214K, committed 10496K, reserved 1058816K
  class space    used 1110K, capacity 1204K, committed 1280K, reserved 1048576K
Event: 1.643 GC heap after
Heap after GC invocations=6 (full 0):
 PSYoungGen      total 133632K, used 2324K [0x00000000d6600000, 0x00000000deb00000, 0x0000000100000000)
  eden space 131072K, 0% used [0x00000000d6600000,0x00000000d6600000,0x00000000de600000)
  from space 2560K, 90% used [0x00000000de880000,0x00000000deac52f0,0x00000000deb00000)
  to   space 2560K, 0% used [0x00000000de600000,0x00000000de600000,0x00000000de880000)
 ParOldGen       total 86016K, used 32K [0x0000000083200000, 0x0000000088600000, 0x00000000d6600000)
  object space 86016K, 0% used [0x0000000083200000,0x0000000083208000,0x0000000088600000)
 Metaspace       used 9984K, capacity 10214K, committed 10496K, reserved 1058816K
  class space    used 1110K, capacity 1204K, committed 1280K, reserved 1048576K
}
Event: 2.109 GC heap before
{Heap before GC invocations=7 (full 0):
 PSYoungGen      total 133632K, used 133396K [0x00000000d6600000, 0x00000000deb00000, 0x0000000100000000)
  eden space 131072K, 100% used [0x00000000d6600000,0x00000000de600000,0x00000000de600000)
  from space 2560K, 90% used [0x00000000de880000,0x00000000deac52f0,0x00000000deb00000)
  to   space 2560K, 0% used [0x00000000de600000,0x00000000de600000,0x00000000de880000)
 ParOldGen       total 86016K, used 32K [0x0000000083200000, 0x0000000088600000, 0x00000000d6600000)
  object space 86016K, 0% used [0x0000000083200000,0x0000000083208000,0x0000000088600000)
 Metaspace       used 9984K, capacity 10214K, committed 10496K, reserved 1058816K
  class space    used 1110K, capacity 1204K, committed 1280K, reserved 1048576K
Event: 2.114 GC heap after
Heap after GC invocations=7 (full 0):
 PSYoungGen      total 133632K, used 64K [0x00000000d6600000, 0x00000000e6c00000, 0x0000000100000000)
  eden space 131072K, 0% used [0x00000000d6600000,0x00000000d6600000,0x00000000de600000)
  from space 2560K, 2% used [0x00000000de600000,0x00000000de610000,0x00000000de880000)
  to   space 3072K, 0% used [0x00000000e6900000,0x00000000e6900000,0x00000000e6c00000)
 ParOldGen       total 86016K, used 2348K [0x0000000083200000, 0x0000000088600000, 0x00000000d6600000)
  object space 86016K, 2% used [0x0000000083200000,0x000000008344b018,0x0000000088600000)
 Metaspace       used 9984K, capacity 10214K, committed 10496K, reserved 1058816K
  class space    used 1110K, capacity 1204K, committed 1280K, reserved 1048576K
}
Event: 2.550 GC heap before
{Heap before GC invocations=8 (full 0):
 PSYoungGen      total 133632K, used 131136K [0x00000000d6600000, 0x00000000e6c00000, 0x0000000100000000)
  eden space 131072K, 100% used [0x00000000d6600000,0x00000000de600000,0x00000000de600000)
  from space 2560K, 2% used [0x00000000de600000,0x00000000de610000,0x00000000de880000)
  to   space 3072K, 0% used [0x00000000e6900000,0x00000000e6900000,0x00000000e6c00000)
 ParOldGen       total 86016K, used 2348K [0x0000000083200000, 0x0000000088600000, 0x00000000d6600000)
  object space 86016K, 2% used [0x0000000083200000,0x000000008344b018,0x0000000088600000)
 Metaspace       used 9984K, capacity 10214K, committed 10496K, reserved 1058816K
  class space    used 1110K, capacity 1204K, committed 1280K, reserved 1048576K
Event: 2.551 GC heap after
Heap after GC invocations=8 (full 0):
 PSYoungGen      total 264704K, used 32K [0x00000000d6600000, 0x00000000e6d00000, 0x0000000100000000)
  eden space 261632K, 0% used [0x00000000d6600000,0x00000000d6600000,0x00000000e6580000)
  from space 3072K, 1% used [0x00000000e6900000,0x00000000e6908000,0x00000000e6c00000)
  to   space 3584K, 0% used [0x00000000e6580000,0x00000000e6580000,0x00000000e6900000)
 ParOldGen       total 86016K, used 2356K [0x0000000083200000, 0x0000000088600000, 0x00000000d6600000)
  object space 86016K, 2% used [0x0000000083200000,0x000000008344d018,0x0000000088600000)
 Metaspace       used 9984K, capacity 10214K, committed 10496K, reserved 1058816K
  class space    used 1110K, capacity 1204K, committed 1280K, reserved 1048576K
}
Event: 3.460 GC heap before
{Heap before GC invocations=9 (full 0):
 PSYoungGen      total 264704K, used 261664K [0x00000000d6600000, 0x00000000e6d00000, 0x0000000100000000)
  eden space 261632K, 100% used [0x00000000d6600000,0x00000000e6580000,0x00000000e6580000)
  from space 3072K, 1% used [0x00000000e6900000,0x00000000e6908000,0x00000000e6c00000)
  to   space 3584K, 0% used [0x00000000e6580000,0x00000000e6580000,0x00000000e6900000)
 ParOldGen       total 86016K, used 2356K [0x0000000083200000, 0x0000000088600000, 0x00000000d6600000)
  object space 86016K, 2% used [0x0000000083200000,0x000000008344d018,0x0000000088600000)
 Metaspace       used 9984K, capacity 10214K, committed 10496K, reserved 1058816K
  class space    used 1110K, capacity 1204K, committed 1280K, reserved 1048576K
Event: 3.461 GC heap after
Heap after GC invocations=9 (full 0):
 PSYoungGen      total 265216K, used 32K [0x00000000d6600000, 0x00000000f0600000, 0x0000000100000000)
  eden space 261632K, 0% used [0x00000000d6600000,0x00000000d6600000,0x00000000e6580000)
  from space 3584K, 0% used [0x00000000e6580000,0x00000000e6588000,0x00000000e6900000)
  to   space 3584K, 0% used [0x00000000f0280000,0x00000000f0280000,0x00000000f0600000)
 ParOldGen       total 86016K, used 2364K [0x0000000083200000, 0x0000000088600000, 0x00000000d6600000)
  object space 86016K, 2% used [0x0000000083200000,0x000000008344f018,0x0000000088600000)
 Metaspace       used 9984K, capacity 10214K, committed 10496K, reserved 1058816K
  class space    used 1110K, capacity 1204K, committed 1280K, reserved 1048576K
}
Event: 4.282 GC heap before
{Heap before GC invocations=10 (full 0):
 PSYoungGen      total 265216K, used 261664K [0x00000000d6600000, 0x00000000f0600000, 0x0000000100000000)
  eden space 261632K, 100% used [0x00000000d6600000,0x00000000e6580000,0x00000000e6580000)
  from space 3584K, 0% used [0x00000000e6580000,0x00000000e6588000,0x00000000e6900000)
  to   space 3584K, 0% used [0x00000000f0280000,0x00000000f0280000,0x00000000f0600000)
 ParOldGen       total 86016K, used 2364K [0x0000000083200000, 0x0000000088600000, 0x00000000d6600000)
  object space 86016K, 2% used [0x0000000083200000,0x000000008344f018,0x0000000088600000)
 Metaspace       used 9992K, capacity 10214K, committed 10496K, reserved 1058816K
  class space    used 1110K, capacity 1204K, committed 1280K, reserved 1048576K
Event: 4.283 GC heap after
Heap after GC invocations=10 (full 0):
 PSYoungGen      total 422400K, used 32K [0x00000000d6600000, 0x00000000f0600000, 0x0000000100000000)
  eden space 418816K, 0% used [0x00000000d6600000,0x00000000d6600000,0x00000000eff00000)
  from space 3584K, 0% used [0x00000000f0280000,0x00000000f0288000,0x00000000f0600000)
  to   space 3584K, 0% used [0x00000000eff00000,0x00000000eff00000,0x00000000f0280000)
 ParOldGen       total 86016K, used 2372K [0x0000000083200000, 0x0000000088600000, 0x00000000d6600000)
  object space 86016K, 2% used [0x0000000083200000,0x0000000083451018,0x0000000088600000)
 Metaspace       used 9992K, capacity 10214K, committed 10496K, reserved 1058816K
  class space    used 1110K, capacity 1204K, committed 1280K, reserved 1048576K
}

