# JRE version: OpenJDK Runtime Environment (8.0_171-b11) (build 1.8.0_171-8u171-b11-1~deb9u1-b11)
# Java VM: OpenJDK 64-Bit Server VM (25.171-b11 mixed mode linux-amd64 compressed oops)
Heap:
 PSYoungGen      total 265216K, used 212493K [0x00000000d6600000, 0x00000000f0600000, 0x0000000100000000)
  eden space 261632K, 81% used [0x00000000d6600000,0x00000000e357b6d8,0x00000000e6580000)
  from space 3584K, 0% used [0x00000000e6580000,0x00000000e6588000,0x00000000e6900000)
  to   space 3584K, 0% used [0x00000000f0280000,0x00000000f0280000,0x00000000f0600000)
 ParOldGen       total 86016K, used 2380K [0x0000000083200000, 0x0000000088600000, 0x00000000d6600000)
  object space 86016K, 2% used [0x0000000083200000,0x0000000083453018,0x0000000088600000)
 Metaspace       used 10032K, capacity 10266K, committed 10496K, reserved 1058816K
  class space    used 1112K, capacity 1204K, committed 1280K, reserved 1048576K
GC Heap History (10 events):
Event: 1.592 GC heap before
{Heap before GC invocations=5 (full 0):
 PSYoungGen      total 70656K, used 67860K [0x00000000d6600000, 0x00000000db000000, 0x0000000100000000)
  eden space 65536K, 100% used [0x00000000d6600000,0x00000000da600000,0x00000000da600000)
  from space 5120K, 45% used [0x00000000dab00000,0x00000000dad452f0,0x00000000db000000)
  to   space 5120K, 0% used [0x00000000da600000,0x00000000da600000,0x00000000dab00000)
 ParOldGen       total 86016K, used 24K [0x0000000083200000, 0x0000000088600000, 0x00000000d6600000)
  object space 86016K, 0% used [0x0000000083200000,0x0000000083206000,0x0000000088600000)
 Metaspace       used 10015K, capacity 10262K, committed 10496K, reserved 1058816K
  class space    used 1112K, capacity 1204K, committed 1280K, reserved 1048576K
Event: 1.597 GC heap after
Heap after GC invocations=5 (full 0):
 PSYoungGen      total 70656K, used 2354K [0x00000000d6600000, 0x00000000deb00000, 0x0000000100000000)
  eden space 65536K, 0% used [0x00000000d6600000,0x00000000d6600000,0x00000000da600000)
  from space 5120K, 45% used [0x00000000da600000,0x00000000da84cac0,0x00000000dab00000)
  to   space 2560K, 0% used [0x00000000de880000,0x00000000de880000,0x00000000deb00000)
 ParOldGen       total 86016K, used 32K [0x0000000083200000, 0x0000000088600000, 0x00000000d6600000)
  object space 86016K, 0% used [0x0000000083200000,0x0000000083208000,0x0000000088600000)
 Metaspace       used 10015K, capacity 10262K, committed 10496K, reserved 1058816K
  class space    used 1112K, capacity 1204K, committed 1280K, reserved 1048576K
}
Event: 1.849 GC heap before
{Heap before GC invocations=6 (full 0):
 PSYoungGen      total 70656K, used 67890K [0x00000000d6600000, 0x00000000deb00000, 0x0000000100000000)
  eden space 65536K, 100% used [0x00000000d6600000,0x00000000da600000,0x00000000da600000)
  from space 5120K, 45% used [0x00000000da600000,0x00000000da84cac0,0x00000000dab00000)
  to   space 2560K, 0% used [0x00000000de880000,0x00000000de880000,0x00000000deb00000)
 ParOldGen       total 86016K, used 32K [0x0000000083200000, 0x0000000088600000, 0x00000000d6600000)
  object space 86016K, 0% used [0x0000000083200000,0x0000000083208000,0x0000000088600000)
 Metaspace       used 10027K, capacity 10266K, committed 10496K, reserved 1058816K
  class space    used 1112K, capacity 1204K, committed 1280K, reserved 1048576K
Event: 1.853 GC heap after
Heap after GC invocations=6 (full 0):
 PSYoungGen      total 133632K, used 2356K [0x00000000d6600000, 0x00000000deb00000, 0x0000000100000000)
  eden space 131072K, 0% used [0x00000000d6600000,0x00000000d6600000,0x00000000de600000)
  from space 2560K, 92% used [0x00000000de880000,0x00000000deacd2f0,0x00000000deb00000)
  to   space 2560K, 0% used [0x00000000de600000,0x00000000de600000,0x00000000de880000)
 ParOldGen       total 86016K, used 40K [0x0000000083200000, 0x0000000088600000, 0x00000000d6600000)
  object space 86016K, 0% used [0x0000000083200000,0x000000008320a000,0x0000000088600000)
 Metaspace       used 10027K, capacity 10266K, committed 10496K, reserved 1058816K
  class space    used 1112K, capacity 1204K, committed 1280K, reserved 1048576K
}
Event: 2.395 GC heap before
{Heap before GC invocations=7 (full 0):
 PSYoungGen      total 133632K, used 133428K [0x00000000d6600000, 0x00000000deb00000, 0x0000000100000000)
  eden space 131072K, 100% used [0x00000000d6600000,0x00000000de600000,0x00000000de600000)
  from space 2560K, 92% used [0x00000000de880000,0x00000000deacd2f0,0x00000000deb00000)
  to   space 2560K, 0% used [0x00000000de600000,0x00000000de600000,0x00000000de880000)
 ParOldGen       total 86016K, used 40K [0x0000000083200000, 0x0000000088600000, 0x00000000d6600000)
  object space 86016K, 0% used [0x0000000083200000,0x000000008320a000,0x0000000088600000)
 Metaspace       used 10027K, capacity 10266K, committed 10496K, reserved 1058816K
  class space    used 1112K, capacity 1204K, committed 1280K, reserved 1048576K
Event: 2.402 GC heap after
Heap after GC invocations=7 (full 0):
 PSYoungGen      total 133632K, used 64K [0x00000000d6600000, 0x00000000e6c00000, 0x0000000100000000)
  eden space 131072K, 0% used [0x00000000d6600000,0x00000000d6600000,0x00000000de600000)
  from space 2560K, 2% used [0x00000000de600000,0x00000000de610000,0x00000000de880000)
  to   space 3072K, 0% used [0x00000000e6900000,0x00000000e6900000,0x00000000e6c00000)
 ParOldGen       total 86016K, used 2348K [0x0000000083200000, 0x0000000088600000, 0x00000000d6600000)
  object space 86016K, 2% used [0x0000000083200000,0x000000008344b018,0x0000000088600000)
 Metaspace       used 10027K, capacity 10266K, committed 10496K, reserved 1058816K
  class space    used 1112K, capacity 1204K, committed 1280K, reserved 1048576K
}
Event: 2.853 GC heap before
{Heap before GC invocations=8 (full 0):
 PSYoungGen      total 133632K, used 131136K [0x00000000d6600000, 0x00000000e6c00000, 0x0000000100000000)
  eden space 131072K, 100% used [0x00000000d6600000,0x00000000de600000,0x00000000de600000)
  from space 2560K, 2% used [0x00000000de600000,0x00000000de610000,0x00000000de880000)
  to   space 3072K, 0% used [0x00000000e6900000,0x00000000e6900000,0x00000000e6c00000)
 ParOldGen       total 86016K, used 2348K [0x0000000083200000, 0x0000000088600000, 0x00000000d6600000)
  object space 86016K, 2% used [0x0000000083200000,0x000000008344b018,0x0000000088600000)
 Metaspace       used 10028K, capacity 10266K, committed 10496K, reserved 1058816K
  class space    used 1112K, capacity 1204K, committed 1280K, reserved 1048576K
Event: 2.854 GC heap after
Heap after GC invocations=8 (full 0):
 PSYoungGen      total 264704K, used 32K [0x00000000d6600000, 0x00000000e6d00000, 0x0000000100000000)
  eden space 261632K, 0% used [0x00000000d6600000,0x00000000d6600000,0x00000000e6580000)
  from space 3072K, 1% used [0x00000000e6900000,0x00000000e6908000,0x00000000e6c00000)
  to   space 3584K, 0% used [0x00000000e6580000,0x00000000e6580000,0x00000000e6900000)
 ParOldGen       total 86016K, used 2356K [0x0000000083200000, 0x0000000088600000, 0x00000000d6600000)
  object space 86016K, 2% used [0x0000000083200000,0x000000008344d018,0x0000000088600000)
 Metaspace       used 10028K, capacity 10266K, committed 10496K, reserved 1058816K
  class space    used 1112K, capacity 1204K, committed 1280K, reserved 1048576K
}
Event: 3.777 GC heap before
{Heap before GC invocations=9 (full 0):
 PSYoungGen      total 264704K, used 261664K [0x00000000d6600000, 0x00000000e6d00000, 0x0000000100000000)
  eden space 261632K, 100% used [0x00000000d6600000,0x00000000e6580000,0x00000000e6580000)
  from space 3072K, 1% used [0x00000000e6900000,0x00000000e6908000,0x00000000e6c00000)
  to   space 3584K, 0% used [0x00000000e6580000,0x00000000e6580000,0x00000000e6900000)
 ParOldGen       total 86016K, used 2356K [0x0000000083200000, 0x0000000088600000, 0x00000000d6600000)
  object space 86016K, 2% used [0x0000000083200000,0x000000008344d018,0x0000000088600000)
 Metaspace       used 10029K, capacity 10266K, committed 10496K, reserved 1058816K
  class space    used 1112K, capacity 1204K, committed 1280K, reserved 1048576K
Event: 3.778 GC heap after
Heap after GC invocations=9 (full 0):
 PSYoungGen      total 265216K, used 32K [0x00000000d6600000, 0x00000000f0600000, 0x0000000100000000)
  eden space 261632K, 0% used [0x00000000d6600000,0x00000000d6600000,0x00000000e6580000)
  from space 3584K, 0% used [0x00000000e6580000,0x00000000e6588000,0x00000000e6900000)
  to   space 3584K, 0% used [0x00000000f0280000,0x00000000f0280000,0x00000000f0600000)
 ParOldGen       total 86016K, used 2380K [0x0000000083200000, 0x0000000088600000, 0x00000000d6600000)
  object space 86016K, 2% used [0x0000000083200000,0x0000000083453018,0x0000000088600000)
 Metaspace       used 10029K, capacity 10266K, committed 10496K, reserved 1058816K
  class space    used 1112K, capacity 1204K, committed 1280K, reserved 1048576K
}

