# JRE version: OpenJDK Runtime Environment (8.0_171-b11) (build 1.8.0_171-8u171-b11-1~deb9u1-b11)
# Java VM: OpenJDK 64-Bit Server VM (25.171-b11 mixed mode linux-amd64 compressed oops)
Heap:
 PSYoungGen      total 13824K, used 4749K [0x00000000d6600000, 0x00000000d7b80000, 0x0000000100000000)
  eden space 9728K, 36% used [0x00000000d6600000,0x00000000d696eb18,0x00000000d6f80000)
  from space 4096K, 30% used [0x00000000d6f80000,0x00000000d70b4af8,0x00000000d7380000)
  to   space 3584K, 0% used [0x00000000d7800000,0x00000000d7800000,0x00000000d7b80000)
 ParOldGen       total 10240K, used 4725K [0x0000000083200000, 0x0000000083c00000, 0x00000000d6600000)
  object space 10240K, 46% used [0x0000000083200000,0x000000008369d4f8,0x0000000083c00000)
 Metaspace       used 8063K, capacity 8852K, committed 8960K, reserved 1056768K
  class space    used 932K, capacity 976K, committed 1024K, reserved 1048576K
GC Heap History (10 events):
Event: 0.234 GC heap before
{Heap before GC invocations=4 (full 0):
 PSYoungGen      total 3584K, used 3567K [0x00000000d6600000, 0x00000000d6d00000, 0x0000000100000000)
  eden space 3072K, 100% used [0x00000000d6600000,0x00000000d6900000,0x00000000d6900000)
  from space 512K, 96% used [0x00000000d6900000,0x00000000d697bc30,0x00000000d6980000)
  to   space 512K, 0% used [0x00000000d6c80000,0x00000000d6c80000,0x00000000d6d00000)
 ParOldGen       total 5632K, used 508K [0x0000000083200000, 0x0000000083780000, 0x00000000d6600000)
  object space 5632K, 9% used [0x0000000083200000,0x000000008327f328,0x0000000083780000)
 Metaspace       used 5585K, capacity 6796K, committed 6912K, reserved 1056768K
  class space    used 681K, capacity 712K, committed 768K, reserved 1048576K
Event: 0.236 GC heap after
Heap after GC invocations=4 (full 0):
 PSYoungGen      total 6656K, used 480K [0x00000000d6600000, 0x00000000d6d00000, 0x0000000100000000)
  eden space 6144K, 0% used [0x00000000d6600000,0x00000000d6600000,0x00000000d6c00000)
  from space 512K, 93% used [0x00000000d6c80000,0x00000000d6cf8010,0x00000000d6d00000)
  to   space 512K, 0% used [0x00000000d6c00000,0x00000000d6c00000,0x00000000d6c80000)
 ParOldGen       total 5632K, used 572K [0x0000000083200000, 0x0000000083780000, 0x00000000d6600000)
  object space 5632K, 10% used [0x0000000083200000,0x000000008328f328,0x0000000083780000)
 Metaspace       used 5585K, capacity 6796K, committed 6912K, reserved 1056768K
  class space    used 681K, capacity 712K, committed 768K, reserved 1048576K
}
Event: 0.341 GC heap before
{Heap before GC invocations=5 (full 0):
 PSYoungGen      total 6656K, used 5126K [0x00000000d6600000, 0x00000000d6d00000, 0x0000000100000000)
  eden space 6144K, 75% used [0x00000000d6600000,0x00000000d6a898d0,0x00000000d6c00000)
  from space 512K, 93% used [0x00000000d6c80000,0x00000000d6cf8010,0x00000000d6d00000)
  to   space 512K, 0% used [0x00000000d6c00000,0x00000000d6c00000,0x00000000d6c80000)
 ParOldGen       total 5632K, used 572K [0x0000000083200000, 0x0000000083780000, 0x00000000d6600000)
  object space 5632K, 10% used [0x0000000083200000,0x000000008328f328,0x0000000083780000)
 Metaspace       used 7176K, capacity 8116K, committed 8320K, reserved 1056768K
  class space    used 856K, capacity 880K, committed 896K, reserved 1048576K
Event: 0.345 GC heap after
Heap after GC invocations=5 (full 0):
 PSYoungGen      total 6656K, used 512K [0x00000000d6600000, 0x00000000d7500000, 0x0000000100000000)
  eden space 6144K, 0% used [0x00000000d6600000,0x00000000d6600000,0x00000000d6c00000)
  from space 512K, 100% used [0x00000000d6c00000,0x00000000d6c80000,0x00000000d6c80000)
  to   space 1536K, 0% used [0x00000000d7380000,0x00000000d7380000,0x00000000d7500000)
 ParOldGen       total 5632K, used 1214K [0x0000000083200000, 0x0000000083780000, 0x00000000d6600000)
  object space 5632K, 21% used [0x0000000083200000,0x000000008332f840,0x0000000083780000)
 Metaspace       used 7176K, capacity 8116K, committed 8320K, reserved 1056768K
  class space    used 856K, capacity 880K, committed 896K, reserved 1048576K
}
Event: 0.403 GC heap before
{Heap before GC invocations=6 (full 0):
 PSYoungGen      total 6656K, used 6656K [0x00000000d6600000, 0x00000000d7500000, 0x0000000100000000)
  eden space 6144K, 100% used [0x00000000d6600000,0x00000000d6c00000,0x00000000d6c00000)
  from space 512K, 100% used [0x00000000d6c00000,0x00000000d6c80000,0x00000000d6c80000)
  to   space 1536K, 0% used [0x00000000d7380000,0x00000000d7380000,0x00000000d7500000)
 ParOldGen       total 5632K, used 1214K [0x0000000083200000, 0x0000000083780000, 0x00000000d6600000)
  object space 5632K, 21% used [0x0000000083200000,0x000000008332f840,0x0000000083780000)
 Metaspace       used 7244K, capacity 8116K, committed 8320K, reserved 1056768K
  class space    used 860K, capacity 880K, committed 896K, reserved 1048576K
Event: 0.414 GC heap after
Heap after GC invocations=6 (full 0):
 PSYoungGen      total 11264K, used 1536K [0x00000000d6600000, 0x00000000d7a00000, 0x0000000100000000)
  eden space 9728K, 0% used [0x00000000d6600000,0x00000000d6600000,0x00000000d6f80000)
  from space 1536K, 100% used [0x00000000d7380000,0x00000000d7500000,0x00000000d7500000)
  to   space 4096K, 0% used [0x00000000d6f80000,0x00000000d6f80000,0x00000000d7380000)
 ParOldGen       total 5632K, used 4790K [0x0000000083200000, 0x0000000083780000, 0x00000000d6600000)
  object space 5632K, 85% used [0x0000000083200000,0x00000000836adb70,0x0000000083780000)
 Metaspace       used 7244K, capacity 8116K, committed 8320K, reserved 1056768K
  class space    used 860K, capacity 880K, committed 896K, reserved 1048576K
}
Event: 0.414 GC heap before
{Heap before GC invocations=7 (full 1):
 PSYoungGen      total 11264K, used 1536K [0x00000000d6600000, 0x00000000d7a00000, 0x0000000100000000)
  eden space 9728K, 0% used [0x00000000d6600000,0x00000000d6600000,0x00000000d6f80000)
  from space 1536K, 100% used [0x00000000d7380000,0x00000000d7500000,0x00000000d7500000)
  to   space 4096K, 0% used [0x00000000d6f80000,0x00000000d6f80000,0x00000000d7380000)
 ParOldGen       total 5632K, used 4790K [0x0000000083200000, 0x0000000083780000, 0x00000000d6600000)
  object space 5632K, 85% used [0x0000000083200000,0x00000000836adb70,0x0000000083780000)
 Metaspace       used 7244K, capacity 8116K, committed 8320K, reserved 1056768K
  class space    used 860K, capacity 880K, committed 896K, reserved 1048576K
Event: 0.438 GC heap after
Heap after GC invocations=7 (full 1):
 PSYoungGen      total 11264K, used 0K [0x00000000d6600000, 0x00000000d7a00000, 0x0000000100000000)
  eden space 9728K, 0% used [0x00000000d6600000,0x00000000d6600000,0x00000000d6f80000)
  from space 1536K, 0% used [0x00000000d7380000,0x00000000d7380000,0x00000000d7500000)
  to   space 4096K, 0% used [0x00000000d6f80000,0x00000000d6f80000,0x00000000d7380000)
 ParOldGen       total 10240K, used 4717K [0x0000000083200000, 0x0000000083c00000, 0x00000000d6600000)
  object space 10240K, 46% used [0x0000000083200000,0x000000008369b4f8,0x0000000083c00000)
 Metaspace       used 7244K, capacity 8116K, committed 8320K, reserved 1056768K
  class space    used 860K, capacity 880K, committed 896K, reserved 1048576K
}
Event: 0.625 GC heap before
{Heap before GC invocations=8 (full 1):
 PSYoungGen      total 11264K, used 9728K [0x00000000d6600000, 0x00000000d7a00000, 0x0000000100000000)
  eden space 9728K, 100% used [0x00000000d6600000,0x00000000d6f80000,0x00000000d6f80000)
  from space 1536K, 0% used [0x00000000d7380000,0x00000000d7380000,0x00000000d7500000)
  to   space 4096K, 0% used [0x00000000d6f80000,0x00000000d6f80000,0x00000000d7380000)
 ParOldGen       total 10240K, used 4717K [0x0000000083200000, 0x0000000083c00000, 0x00000000d6600000)
  object space 10240K, 46% used [0x0000000083200000,0x000000008369b4f8,0x0000000083c00000)
 Metaspace       used 7927K, capacity 8724K, committed 8960K, reserved 1056768K
  class space    used 921K, capacity 976K, committed 1024K, reserved 1048576K
Event: 0.630 GC heap after
Heap after GC invocations=8 (full 1):
 PSYoungGen      total 13824K, used 1234K [0x00000000d6600000, 0x00000000d7b80000, 0x0000000100000000)
  eden space 9728K, 0% used [0x00000000d6600000,0x00000000d6600000,0x00000000d6f80000)
  from space 4096K, 30% used [0x00000000d6f80000,0x00000000d70b4af8,0x00000000d7380000)
  to   space 3584K, 0% used [0x00000000d7800000,0x00000000d7800000,0x00000000d7b80000)
 ParOldGen       total 10240K, used 4725K [0x0000000083200000, 0x0000000083c00000, 0x00000000d6600000)
  object space 10240K, 46% used [0x0000000083200000,0x000000008369d4f8,0x0000000083c00000)
 Metaspace       used 7927K, capacity 8724K, committed 8960K, reserved 1056768K
  class space    used 921K, capacity 976K, committed 1024K, reserved 1048576K
}

